E:\PROJECT\C++\TANKS\TANKS\DEBUG\ANIMATION.OBJ
E:\PROJECT\C++\TANKS\TANKS\DEBUG\BULLET.OBJ
E:\PROJECT\C++\TANKS\TANKS\DEBUG\CONVERT.OBJ
E:\PROJECT\C++\TANKS\TANKS\DEBUG\GAMEOVERPAGE.OBJ
E:\PROJECT\C++\TANKS\TANKS\DEBUG\GAMEPAGE.OBJ
E:\PROJECT\C++\TANKS\TANKS\DEBUG\GAMEZONE.OBJ
E:\PROJECT\C++\TANKS\TANKS\DEBUG\LISTTANKS.OBJ
E:\PROJECT\C++\TANKS\TANKS\DEBUG\MAP.OBJ
E:\PROJECT\C++\TANKS\TANKS\DEBUG\NEWGAMEPAGE.OBJ
E:\PROJECT\C++\TANKS\TANKS\DEBUG\OBJECT2D.OBJ
E:\PROJECT\C++\TANKS\TANKS\DEBUG\OBJECT2D_DELTA.OBJ
E:\PROJECT\C++\TANKS\TANKS\DEBUG\OPENGL_PAGE.OBJ
E:\PROJECT\C++\TANKS\TANKS\DEBUG\OPENGL_TEXT.OBJ
E:\PROJECT\C++\TANKS\TANKS\DEBUG\SCRIPT.OBJ
E:\PROJECT\C++\TANKS\TANKS\DEBUG\STARTPAGE.OBJ
E:\PROJECT\C++\TANKS\TANKS\DEBUG\TANK.OBJ
E:\PROJECT\C++\TANKS\TANKS\DEBUG\VICTORYPAGE.OBJ
E:\PROJECT\C++\TANKS\TANKS\DEBUG\Исходный код.OBJ
E:\PROJECT\C++\TANKS\TANKS\DEBUG\VC110.PDB
E:\PROJECT\C++\TANKS\TANKS\DEBUG\SAVEGAMEPAGE.OBJ
E:\PROJECT\C++\TANKS\TANKS\DEBUG\OPENGL_LABEL.OBJ
E:\PROJECT\C++\TANKS\DEBUG\TANKS.ILK
E:\PROJECT\C++\TANKS\DEBUG\TANKS.EXE
E:\PROJECT\C++\TANKS\DEBUG\TANKS.PDB
E:\Project\C++\TANKS\TANKS\Debug\Animation.obj
E:\Project\C++\TANKS\TANKS\Debug\Bullet.obj
E:\Project\C++\TANKS\TANKS\Debug\Convert.obj
E:\Project\C++\TANKS\TANKS\Debug\GameOverPage.obj
E:\Project\C++\TANKS\TANKS\Debug\GamePage.obj
E:\Project\C++\TANKS\TANKS\Debug\GameZone.obj
E:\Project\C++\TANKS\TANKS\Debug\ListTanks.obj
E:\Project\C++\TANKS\TANKS\Debug\Map.obj
E:\Project\C++\TANKS\TANKS\Debug\NewGamePage.obj
E:\Project\C++\TANKS\TANKS\Debug\Object2D.obj
E:\Project\C++\TANKS\TANKS\Debug\Object2D_Delta.obj
E:\Project\C++\TANKS\TANKS\Debug\OpenGL_Label.obj
E:\Project\C++\TANKS\TANKS\Debug\OpenGL_Page.obj
E:\Project\C++\TANKS\TANKS\Debug\OpenGL_Text.obj
E:\Project\C++\TANKS\TANKS\Debug\SaveGamePage.obj
E:\Project\C++\TANKS\TANKS\Debug\Script.obj
E:\Project\C++\TANKS\TANKS\Debug\StartPage.obj
E:\Project\C++\TANKS\TANKS\Debug\Tank.obj
E:\Project\C++\TANKS\TANKS\Debug\VictoryPage.obj
E:\Project\C++\TANKS\TANKS\Debug\Исходный код.obj
E:\Project\C++\TANKS\TANKS\Debug\cl.command.1.tlog
E:\Project\C++\TANKS\TANKS\Debug\CL.read.1.tlog
E:\Project\C++\TANKS\TANKS\Debug\CL.write.1.tlog
E:\Project\C++\TANKS\TANKS\Debug\link-cvtres.read.1.tlog
E:\Project\C++\TANKS\TANKS\Debug\link-cvtres.write.1.tlog
E:\Project\C++\TANKS\TANKS\Debug\link-rc.read.1.tlog
E:\Project\C++\TANKS\TANKS\Debug\link-rc.write.1.tlog
E:\Project\C++\TANKS\TANKS\Debug\link.4372-cvtres.read.1.tlog
E:\Project\C++\TANKS\TANKS\Debug\link.4372-cvtres.write.1.tlog
E:\Project\C++\TANKS\TANKS\Debug\link.4372-rc.read.1.tlog
E:\Project\C++\TANKS\TANKS\Debug\link.4372-rc.write.1.tlog
E:\Project\C++\TANKS\TANKS\Debug\link.4372.read.1.tlog
E:\Project\C++\TANKS\TANKS\Debug\link.4372.write.1.tlog
E:\Project\C++\TANKS\TANKS\Debug\link.command.1.tlog
E:\Project\C++\TANKS\TANKS\Debug\link.read.1.tlog
E:\Project\C++\TANKS\TANKS\Debug\link.write.1.tlog
E:\Project\C++\TANKS\TANKS\Debug\vc110.idb
E:\Project\C++\TANKS\TANKS\Debug\vc110.pdb
E:\Project\C++\TANKS\Debug\TANKS.pdb
